<?xml version="1.0" encoding="UTF-8"?>
<!-- Generated by org.testng.reporters.JUnitReportReporter -->
<testsuite hostname="LAPTOP-NREVCDNG" failures="0" tests="1" name="tests.FourTest" time="0.007" errors="0" timestamp="2023-02-06T12:10:06 IST" skipped="0">
  <testcase classname="tests.FourTest" name="testFour" time="0.007"/>
  <system-out/>
</testsuite> <!-- tests.FourTest -->
